Determining if the pthread_create exist failed with the following output:
Change Dir: /home/martin/Documents/path_finding/build/CMakeFiles/CMakeTmp

Run Build Command:"/usr/bin/make" "cmTC_a2232/fast"
/usr/bin/make -f CMakeFiles/cmTC_a2232.dir/build.make CMakeFiles/cmTC_a2232.dir/build
make[1]: Entering directory '/home/martin/Documents/path_finding/build/CMakeFiles/CMakeTmp'
Building C object CMakeFiles/cmTC_a2232.dir/CheckSymbolExists.c.o
/usr/bin/cc    -o CMakeFiles/cmTC_a2232.dir/CheckSymbolExists.c.o   -c /home/martin/Documents/path_finding/build/CMakeFiles/CMakeTmp/CheckSymbolExists.c
Linking C executable cmTC_a2232
/usr/local/bin/cmake -E cmake_link_script CMakeFiles/cmTC_a2232.dir/link.txt --verbose=1
/usr/bin/cc      CMakeFiles/cmTC_a2232.dir/CheckSymbolExists.c.o  -o cmTC_a2232 
CMakeFiles/cmTC_a2232.dir/CheckSymbolExists.c.o: In function `main':
CheckSymbolExists.c:(.text+0x16): undefined reference to `pthread_create'
collect2: error: ld returned 1 exit status
CMakeFiles/cmTC_a2232.dir/build.make:86: recipe for target 'cmTC_a2232' failed
make[1]: *** [cmTC_a2232] Error 1
make[1]: Leaving directory '/home/martin/Documents/path_finding/build/CMakeFiles/CMakeTmp'
Makefile:126: recipe for target 'cmTC_a2232/fast' failed
make: *** [cmTC_a2232/fast] Error 2

File /home/martin/Documents/path_finding/build/CMakeFiles/CMakeTmp/CheckSymbolExists.c:
/* */
#include <pthread.h>

int main(int argc, char** argv)
{
  (void)argv;
#ifndef pthread_create
  return ((int*)(&pthread_create))[argc];
#else
  (void)argc;
  return 0;
#endif
}

Determining if the function pthread_create exists in the pthreads failed with the following output:
Change Dir: /home/martin/Documents/path_finding/build/CMakeFiles/CMakeTmp

Run Build Command:"/usr/bin/make" "cmTC_067c8/fast"
/usr/bin/make -f CMakeFiles/cmTC_067c8.dir/build.make CMakeFiles/cmTC_067c8.dir/build
make[1]: Entering directory '/home/martin/Documents/path_finding/build/CMakeFiles/CMakeTmp'
Building C object CMakeFiles/cmTC_067c8.dir/CheckFunctionExists.c.o
/usr/bin/cc   -DCHECK_FUNCTION_EXISTS=pthread_create   -o CMakeFiles/cmTC_067c8.dir/CheckFunctionExists.c.o   -c /usr/local/share/cmake-3.11/Modules/CheckFunctionExists.c
Linking C executable cmTC_067c8
/usr/local/bin/cmake -E cmake_link_script CMakeFiles/cmTC_067c8.dir/link.txt --verbose=1
/usr/bin/cc  -DCHECK_FUNCTION_EXISTS=pthread_create    CMakeFiles/cmTC_067c8.dir/CheckFunctionExists.c.o  -o cmTC_067c8 -lpthreads 
/usr/bin/ld: cannot find -lpthreads
collect2: error: ld returned 1 exit status
CMakeFiles/cmTC_067c8.dir/build.make:86: recipe for target 'cmTC_067c8' failed
make[1]: *** [cmTC_067c8] Error 1
make[1]: Leaving directory '/home/martin/Documents/path_finding/build/CMakeFiles/CMakeTmp'
Makefile:126: recipe for target 'cmTC_067c8/fast' failed
make: *** [cmTC_067c8/fast] Error 2


